 State 0:
          xml ::= * xmlv
          xmlv ::= * ROOT xmldecl content
          xmlv ::= * xmldecl node
      (3) xmldecl ::= *
          xmldecl ::= * LPARQM qsymbol attrlist QMRPAR

                          ROOT shift  2
                        LPARQM shift  24
                          LPAR reduce 3
                           xml accept
                       xmldecl shift  29
                          xmlv shift  1

State 1:
      (0) xml ::= xmlv *

                             $ reduce 0

State 2:
          xmlv ::= ROOT * xmldecl content
      (3) xmldecl ::= *
          xmldecl ::= * LPARQM qsymbol attrlist QMRPAR

                        LPARQM shift  24
                       xmldecl shift  3
                     {default} reduce 3

State 3:
          xmlv ::= ROOT xmldecl * content
      (9) content ::= *
          content ::= * content tnode
          content ::= * content node

                       content shift  4
                     {default} reduce 9

State 4:
      (1) xmlv ::= ROOT xmldecl content *
          node ::= * LPAR symbol attrlist SLASH RPAR
          node ::= * LPAR symbol attrlist RPAR content LPAR SLASH SYMBOL RPAR
          tnode ::= * TEXT
          tnode ::= * CDATA
          content ::= content * tnode
          content ::= content * node

                             $ reduce 1
                          LPAR shift  5
                          TEXT shift  17
                         CDATA shift  18
                          node shift  20
                         tnode shift  19

State 5:
          node ::= LPAR * symbol attrlist SLASH RPAR
          node ::= LPAR * symbol attrlist RPAR content LPAR SLASH SYMBOL RPAR
          symbol ::= * SYMBOL

                        SYMBOL shift  16
                        symbol shift  6

State 6:
          node ::= LPAR symbol * attrlist SLASH RPAR
          node ::= LPAR symbol * attrlist RPAR content LPAR SLASH SYMBOL RPAR
     (14) attrlist ::= *
          attrlist ::= * attrlist SYMBOL EQ STRING

                      attrlist shift  7
                     {default} reduce 14

State 7:
          node ::= LPAR symbol attrlist * SLASH RPAR
          node ::= LPAR symbol attrlist * RPAR content LPAR SLASH SYMBOL RPAR
          attrlist ::= attrlist * SYMBOL EQ STRING

                         SLASH shift  8
                          RPAR shift  10
                        SYMBOL shift  21

State 8:
          node ::= LPAR symbol attrlist SLASH * RPAR

                          RPAR shift  9

State 9:
      (5) node ::= LPAR symbol attrlist SLASH RPAR *

                     {default} reduce 5

State 10:
          node ::= LPAR symbol attrlist RPAR * content LPAR SLASH SYMBOL RPAR
      (9) content ::= *
          content ::= * content tnode
          content ::= * content node

                       content shift  11
                     {default} reduce 9

State 11:
          node ::= * LPAR symbol attrlist SLASH RPAR
          node ::= * LPAR symbol attrlist RPAR content LPAR SLASH SYMBOL RPAR
          node ::= LPAR symbol attrlist RPAR content * LPAR SLASH SYMBOL RPAR
          tnode ::= * TEXT
          tnode ::= * CDATA
          content ::= content * tnode
          content ::= content * node

                          LPAR shift  12
                          TEXT shift  17
                         CDATA shift  18
                          node shift  20
                         tnode shift  19

State 12:
          node ::= LPAR * symbol attrlist SLASH RPAR
          node ::= LPAR * symbol attrlist RPAR content LPAR SLASH SYMBOL RPAR
          node ::= LPAR symbol attrlist RPAR content LPAR * SLASH SYMBOL RPAR
          symbol ::= * SYMBOL

                         SLASH shift  13
                        SYMBOL shift  16
                        symbol shift  6

State 13:
          node ::= LPAR symbol attrlist RPAR content LPAR SLASH * SYMBOL RPAR

                        SYMBOL shift  14

State 14:
          node ::= LPAR symbol attrlist RPAR content LPAR SLASH SYMBOL * RPAR

                          RPAR shift  15

State 15:
      (6) node ::= LPAR symbol attrlist RPAR content LPAR SLASH SYMBOL RPAR *

                     {default} reduce 6

State 16:
     (12) symbol ::= SYMBOL *

                     {default} reduce 12

State 17:
      (7) tnode ::= TEXT *

                     {default} reduce 7

State 18:
      (8) tnode ::= CDATA *

                     {default} reduce 8

State 19:
     (10) content ::= content tnode *

                     {default} reduce 10

State 20:
     (11) content ::= content node *

                     {default} reduce 11

State 21:
          attrlist ::= attrlist SYMBOL * EQ STRING

                            EQ shift  22

State 22:
          attrlist ::= attrlist SYMBOL EQ * STRING

                        STRING shift  23

State 23:
     (15) attrlist ::= attrlist SYMBOL EQ STRING *

                     {default} reduce 15

State 24:
          xmldecl ::= LPARQM * qsymbol attrlist QMRPAR
          qsymbol ::= * SYMBOL

                        SYMBOL shift  28
                       qsymbol shift  25

State 25:
          xmldecl ::= LPARQM qsymbol * attrlist QMRPAR
     (14) attrlist ::= *
          attrlist ::= * attrlist SYMBOL EQ STRING

                      attrlist shift  26
                     {default} reduce 14

State 26:
          xmldecl ::= LPARQM qsymbol attrlist * QMRPAR
          attrlist ::= attrlist * SYMBOL EQ STRING

                        QMRPAR shift  27
                        SYMBOL shift  21

State 27:
      (4) xmldecl ::= LPARQM qsymbol attrlist QMRPAR *

                     {default} reduce 4

State 28:
     (13) qsymbol ::= SYMBOL *

                     {default} reduce 13

State 29:
          xmlv ::= xmldecl * node
          node ::= * LPAR symbol attrlist SLASH RPAR
          node ::= * LPAR symbol attrlist RPAR content LPAR SLASH SYMBOL RPAR

                          LPAR shift  5
                          node shift  30

State 30:
      (2) xmlv ::= xmldecl node *

                             $ reduce 2

